\BOOKMARK [-1][]{title.-1}{\376\377\127\372\116\216\146\172\200\375\142\113\147\072\166\204\210\114\116\072\213\306\122\053\174\373\176\337\213\276\213\241\116\016\133\236\163\260}{}% 1
\BOOKMARK [0][]{chapter*.1}{\376\377\144\130\211\201}{title.-1}% 2
\BOOKMARK [0][]{chapter*.2}{\376\377\000A\000B\000S\000T\000R\000A\000C\000T}{title.-1}% 3
\BOOKMARK [0][]{chapter*.3}{\376\377\166\356\137\125}{title.-1}% 4
\BOOKMARK [0][]{chapter*.3}{\376\377\210\150\150\074\175\042\137\025}{title.-1}% 5
\BOOKMARK [0][]{chapter*.4}{\376\377\143\322\126\376\175\042\137\025}{title.-1}% 6
\BOOKMARK [0][]{chapter*.6}{\376\377\116\073\211\201\173\046\123\367\133\371\161\147\210\150}{title.-1}% 7
\BOOKMARK [0][]{chapter.1}{\376\377\173\054\116\000\172\340\000\040\000\040\176\352\213\272}{title.-1}% 8
\BOOKMARK [1][]{section.1.1}{\376\377\0001\000.\0001\000\040\170\024\172\166\200\314\146\157\116\016\170\024\172\166\141\017\116\111}{chapter.1}% 9
\BOOKMARK [1][]{section.1.2}{\376\377\0001\000.\0002\000\040\126\375\121\205\131\026\170\024\172\166\163\260\162\266\116\016\123\321\134\125\215\213\122\277}{chapter.1}% 10
\BOOKMARK [2][]{subsection.1.2.1}{\376\377\0001\000.\0002\000.\0001\000\040\127\372\116\216\146\172\200\375\142\113\147\072\166\204\210\114\116\072\213\306\122\053\170\024\172\166}{section.1.2}% 11
\BOOKMARK [2][]{subsection.1.2.2}{\376\377\0001\000.\0002\000.\0002\000\040\226\115\117\116\210\114\116\072\213\306\122\053\217\307\172\013\116\055\200\375\200\027\166\204\173\126\165\145\170\024\172\166}{section.1.2}% 12
\BOOKMARK [1][]{section.1.3}{\376\377\0001\000.\0003\000\040\170\024\172\166\121\205\133\271\116\016\215\041\163\056}{chapter.1}% 13
\BOOKMARK [1][]{section.1.4}{\376\377\0001\000.\0004\000\040\147\054\145\207\176\323\147\204\116\016\133\211\143\222}{chapter.1}% 14
\BOOKMARK [0][]{chapter.2}{\376\377\173\054\116\214\172\340\000\040\000\040\127\372\116\216\146\172\200\375\142\113\147\072\166\204\210\114\116\072\213\306\122\053\170\024\172\166\151\202\217\360}{title.-1}% 15
\BOOKMARK [1][]{section.2.1}{\376\377\0002\000.\0001\000\040\145\160\143\156\221\307\226\306}{chapter.2}% 16
\BOOKMARK [2][]{subsection.2.1.1}{\376\377\0002\000.\0001\000.\0001\000\040\146\172\200\375\142\113\147\072\121\205\177\156\117\040\141\037\126\150}{section.2.1}% 17
\BOOKMARK [2][]{subsection.2.1.2}{\376\377\0002\000.\0001\000.\0002\000\040\146\172\200\375\142\113\147\072\145\160\143\156\221\307\226\306\152\041\127\127}{section.2.1}% 18
\BOOKMARK [1][]{section.2.2}{\376\377\0002\000.\0002\000\040\145\160\143\156\230\204\131\004\164\006}{chapter.2}% 19
\BOOKMARK [2][]{subsection.2.2.1}{\376\377\0002\000.\0002\000.\0001\000\040\117\116\220\032\156\344\154\342}{section.2.2}% 20
\BOOKMARK [2][]{subsection.2.2.2}{\376\377\0002\000.\0002\000.\0002\000\040\145\160\143\156\122\006\153\265}{section.2.2}% 21
\BOOKMARK [1][]{section.2.3}{\376\377\0002\000.\0003\000\040\162\171\137\201\143\320\123\326\116\016\162\171\137\201\220\011\142\351}{chapter.2}% 22
\BOOKMARK [2][]{subsection.2.3.1}{\376\377\0002\000.\0003\000.\0001\000\040\162\171\137\201\143\320\123\326}{section.2.3}% 23
\BOOKMARK [2][]{subsection.2.3.2}{\376\377\0002\000.\0003\000.\0002\000\040\162\171\137\201\220\011\142\351}{section.2.3}% 24
\BOOKMARK [1][]{section.2.4}{\376\377\0002\000.\0004\000\040\122\006\174\173\173\227\154\325}{chapter.2}% 25
\BOOKMARK [2][]{subsection.2.4.1}{\376\377\0002\000.\0004\000.\0001\000\040\127\372\170\100\122\006\174\173\173\227\154\325}{section.2.4}% 26
\BOOKMARK [2][]{subsection.2.4.2}{\376\377\0002\000.\0004\000.\0002\000\040\143\320\123\107\122\006\174\173\173\227\154\325}{section.2.4}% 27
\BOOKMARK [1][]{section.2.5}{\376\377\0002\000.\0005\000\040\147\054\172\340\134\017\176\323}{chapter.2}% 28
\BOOKMARK [0][]{chapter.3}{\376\377\173\054\116\011\172\340\000\040\000\040\127\372\116\216\146\172\200\375\142\113\147\072\166\204\116\044\134\102\131\032\173\126\165\145\210\114\116\072\213\306\122\053\150\106\147\266}{title.-1}% 29
\BOOKMARK [1][]{section.3.1}{\376\377\0003\000.\0001\000\040\145\160\143\156\203\267\123\326\116\016\162\171\137\201\143\320\123\326}{chapter.3}% 30
\BOOKMARK [2][]{subsection.3.1.1}{\376\377\0003\000.\0001\000.\0001\000\040\145\160\143\156\221\307\226\306\116\016\230\204\131\004\164\006}{section.3.1}% 31
\BOOKMARK [2][]{subsection.3.1.2}{\376\377\0003\000.\0001\000.\0002\000\040\162\171\137\201\143\320\123\326\116\016\162\171\137\201\220\011\142\351}{section.3.1}% 32
\BOOKMARK [1][]{section.3.2}{\376\377\0003\000.\0002\000\040\122\006\174\173\152\041\127\213}{chapter.3}% 33
\BOOKMARK [2][]{subsection.3.2.1}{\376\377\0003\000.\0002\000.\0001\000\040\122\006\176\304\152\041\127\213}{section.3.2}% 34
\BOOKMARK [2][]{subsection.3.2.2}{\376\377\0003\000.\0002\000.\0002\000\040\227\131\140\001\210\114\116\072\122\006\174\173\173\126\165\145}{section.3.2}% 35
\BOOKMARK [2][]{subsection.3.2.3}{\376\377\0003\000.\0002\000.\0003\000\040\122\250\140\001\210\114\116\072\122\006\174\173\173\126\165\145}{section.3.2}% 36
\BOOKMARK [1][]{section.3.3}{\376\377\0003\000.\0003\000\040\122\006\174\173\133\236\232\214\176\323\147\234}{chapter.3}% 37
\BOOKMARK [2][]{subsection.3.3.1}{\376\377\0003\000.\0003\000.\0001\000\040\145\160\143\156\221\307\226\306\133\236\232\214\116\345\123\312\123\302\145\160\213\276\133\232}{section.3.3}% 38
\BOOKMARK [2][]{subsection.3.3.2}{\376\377\0003\000.\0003\000.\0002\000\040\122\006\174\173\133\236\232\214\176\323\147\234\116\016\122\006\147\220}{section.3.3}% 39
\BOOKMARK [1][]{section.3.4}{\376\377\0003\000.\0004\000\040\147\054\172\340\134\017\176\323}{chapter.3}% 40
\BOOKMARK [0][]{chapter.4}{\376\377\173\054\126\333\172\340\000\040\000\040\226\115\117\116\213\306\122\053\200\375\200\027\166\204\173\126\165\145\122\250\140\001\214\003\145\164\170\024\172\166}{title.-1}% 41
\BOOKMARK [1][]{section.4.1}{\376\377\0004\000.\0001\000\040\145\160\133\146\152\041\127\213}{chapter.4}% 42
\BOOKMARK [2][]{subsection.4.1.1}{\376\377\0004\000.\0001\000.\0001\000\040\200\375\200\027\152\041\127\213}{section.4.1}% 43
\BOOKMARK [2][]{subsection.4.1.2}{\376\377\0004\000.\0001\000.\0002\000\040\121\306\170\156\163\207\152\041\127\213}{section.4.1}% 44
\BOOKMARK [2][]{subsection.4.1.3}{\376\377\0004\000.\0001\000.\0003\000\040\166\356\150\007\121\375\145\160}{section.4.1}% 45
\BOOKMARK [1][]{section.4.2}{\376\377\0004\000.\0002\000\040\152\041\127\213\154\102\211\343}{chapter.4}% 46
\BOOKMARK [2][]{subsection.4.2.1}{\376\377\0004\000.\0002\000.\0001\000\040\200\375\200\027\152\041\127\213\154\102\211\343}{section.4.2}% 47
\BOOKMARK [2][]{subsection.4.2.2}{\376\377\0004\000.\0002\000.\0002\000\040\121\306\170\156\163\207\152\041\127\213\154\102\211\343}{section.4.2}% 48
\BOOKMARK [2][]{subsection.4.2.3}{\376\377\0004\000.\0002\000.\0003\000\040\147\000\117\030\123\026\225\356\230\230\154\102\211\343}{section.4.2}% 49
\BOOKMARK [1][]{section.4.3}{\376\377\0004\000.\0003\000\040\147\000\117\163\173\126\165\145\122\250\140\001\214\003\145\164\145\271\150\110}{chapter.4}% 50
\BOOKMARK [1][]{section.4.4}{\376\377\0004\000.\0004\000\040\133\371\153\324\133\236\232\214\176\323\147\234}{chapter.4}% 51
\BOOKMARK [2][]{subsection.4.4.1}{\376\377\0004\000.\0004\000.\0001\000\040\133\236\232\214\213\276\133\232}{section.4.4}% 52
\BOOKMARK [2][]{subsection.4.4.2}{\376\377\0004\000.\0004\000.\0002\000\040\133\236\232\214\176\323\147\234\116\016\122\006\147\220}{section.4.4}% 53
\BOOKMARK [1][]{section.4.5}{\376\377\0004\000.\0005\000\040\147\054\172\340\134\017\176\323}{chapter.4}% 54
\BOOKMARK [0][]{chapter.5}{\376\377\173\054\116\224\172\340\000\040\000\040\116\272\117\123\210\114\116\072\213\306\122\053\174\373\176\337\213\276\213\241\116\313\176\315}{title.-1}% 55
\BOOKMARK [1][]{section.5.1}{\376\377\0005\000.\0001\000\040\143\247\122\066\134\102\220\350\122\006}{chapter.5}% 56
\BOOKMARK [1][]{section.5.2}{\376\377\0005\000.\0002\000\040\122\006\174\173\173\227\154\325\133\236\163\260\220\350\122\006}{chapter.5}% 57
\BOOKMARK [1][]{section.5.3}{\376\377\0005\000.\0003\000\040\152\041\127\213\134\102\220\350\122\006}{chapter.5}% 58
\BOOKMARK [1][]{section.5.4}{\376\377\0005\000.\0004\000\040\211\306\126\376\134\102\220\350\122\006}{chapter.5}% 59
\BOOKMARK [1][]{section.5.5}{\376\377\0005\000.\0005\000\040\147\054\172\340\134\017\176\323}{chapter.5}% 60
\BOOKMARK [0][]{chapter.6}{\376\377\173\054\121\155\172\340\000\040\000\040\140\073\176\323\116\016\134\125\147\033}{title.-1}% 61
\BOOKMARK [1][]{section.6.1}{\376\377\0006\000.\0001\000\040\135\345\117\134\140\073\176\323}{chapter.6}% 62
\BOOKMARK [1][]{section.6.2}{\376\377\0006\000.\0002\000\040\170\024\172\166\134\125\147\033}{chapter.6}% 63
\BOOKMARK [0][]{chapter*.53}{\376\377\123\302\200\003\145\207\163\056}{title.-1}% 64
\BOOKMARK [0][]{chapter*.54}{\376\377\201\364\214\042}{title.-1}% 65
\BOOKMARK [0][]{chapter*.55}{\376\377\127\050\213\373\147\037\225\364\123\321\210\150\166\204\133\146\147\057\213\272\145\207\116\016\123\326\137\227\166\204\170\024\172\166\142\020\147\234}{title.-1}% 66
